<?xml version="1.0" encoding="UTF-8"?>
<!-- Generated by org.testng.reporters.JUnitReportReporter -->
<testsuite hostname="HOME-PC" failures="0" tests="4" name="com.nopcommerce.testCases.TC_LoginDDT_002" time="42.207" errors="0" timestamp="2021-05-22T13:12:40 IST" skipped="0">
  <testcase classname="com.nopcommerce.testCases.TC_LoginDDT_002" name="loginTest" time="9.978"/>
  <system-out/>
  <testcase classname="com.nopcommerce.testCases.TC_LoginDDT_002" name="loginTest" time="7.149"/>
  <system-out/>
  <testcase classname="com.nopcommerce.testCases.TC_LoginDDT_002" name="loginTest" time="17.883"/>
  <system-out/>
  <testcase classname="com.nopcommerce.testCases.TC_LoginDDT_002" name="loginTest" time="7.197"/>
  <system-out/>
</testsuite> <!-- com.nopcommerce.testCases.TC_LoginDDT_002 -->
